\BOOKMARK [0][-]{chapter*.2}{List of Figures}{}% 1
\BOOKMARK [0][-]{chapter*.3}{List of Tables}{}% 2
\BOOKMARK [0][-]{chapter*.3}{Abstract}{}% 3
\BOOKMARK [0][-]{chapter*.3}{Dedication}{}% 4
\BOOKMARK [0][-]{chapter*.3}{Acknowledgments}{}% 5
\BOOKMARK [0][-]{chapter.1}{Theoretical Motivation}{}% 6
\BOOKMARK [1][-]{section.1.1}{The Standard Model of Particle Physics}{chapter.1}% 7
\BOOKMARK [2][-]{subsection.1.1.1}{Introduction}{section.1.1}% 8
\BOOKMARK [2][-]{subsection.1.1.2}{Quantum Field Theory}{section.1.1}% 9
\BOOKMARK [2][-]{subsection.1.1.3}{U\(1\)EM Local Gauge Invariance}{section.1.1}% 10
\BOOKMARK [2][-]{subsection.1.1.4}{Yang-Mills Gauge Theories}{section.1.1}% 11
\BOOKMARK [2][-]{subsection.1.1.5}{Particles in the Standard Model}{section.1.1}% 12
\BOOKMARK [2][-]{subsection.1.1.6}{Higgs Mechanism}{section.1.1}% 13
\BOOKMARK [2][-]{subsection.1.1.7}{Electroweak Theory}{section.1.1}% 14
\BOOKMARK [2][-]{subsection.1.1.8}{Quantum ChromoDynamics}{section.1.1}% 15
\BOOKMARK [1][-]{section.1.2}{Standard Model Successes and Limitations}{chapter.1}% 16
\BOOKMARK [1][-]{section.1.3}{New Physics Models with Diboson Resonances}{chapter.1}% 17
\BOOKMARK [2][-]{subsection.1.3.1}{Randall Sundrum Bulk Model}{section.1.3}% 18
\BOOKMARK [2][-]{subsection.1.3.2}{Extended Scalar Sector}{section.1.3}% 19
\BOOKMARK [2][-]{subsection.1.3.3}{Simple Standard Model Extensions}{section.1.3}% 20
\BOOKMARK [0][-]{chapter.2}{LHC and ATLAS Detector}{}% 21
\BOOKMARK [1][-]{section.2.1}{LHC}{chapter.2}% 22
\BOOKMARK [1][-]{section.2.2}{The ATLAS Detector}{chapter.2}% 23
\BOOKMARK [2][-]{subsection.2.2.1}{Coordinate System}{section.2.2}% 24
\BOOKMARK [1][-]{section.2.3}{Inner Detector}{chapter.2}% 25
\BOOKMARK [2][-]{subsection.2.3.1}{Pixel Detector}{section.2.3}% 26
\BOOKMARK [2][-]{subsection.2.3.2}{Semiconductor Tracker}{section.2.3}% 27
\BOOKMARK [2][-]{subsection.2.3.3}{Transition Radiation Tracker}{section.2.3}% 28
\BOOKMARK [1][-]{section.2.4}{Calorimeters}{chapter.2}% 29
\BOOKMARK [1][-]{section.2.5}{Muon Spectrometer}{chapter.2}% 30
\BOOKMARK [1][-]{section.2.6}{Magnet System}{chapter.2}% 31
\BOOKMARK [1][-]{section.2.7}{Trigger System}{chapter.2}% 32
\BOOKMARK [0][-]{chapter.3}{Analysis}{}% 33
\BOOKMARK [1][-]{section.3.1}{Dataset and Simulated Samples}{chapter.3}% 34
\BOOKMARK [2][-]{subsection.3.1.1}{Dataset}{section.3.1}% 35
\BOOKMARK [2][-]{subsection.3.1.2}{Simulated Samples}{section.3.1}% 36
\BOOKMARK [1][-]{section.3.2}{Object Selection}{chapter.3}% 37
\BOOKMARK [2][-]{subsection.3.2.1}{Electrons}{section.3.2}% 38
\BOOKMARK [2][-]{subsection.3.2.2}{Muons}{section.3.2}% 39
\BOOKMARK [2][-]{subsection.3.2.3}{small-R jets}{section.3.2}% 40
\BOOKMARK [2][-]{subsection.3.2.4}{large-R jets}{section.3.2}% 41
\BOOKMARK [2][-]{subsection.3.2.5}{Variable Radius jets}{section.3.2}% 42
\BOOKMARK [2][-]{subsection.3.2.6}{MET/neutrinos}{section.3.2}% 43
\BOOKMARK [2][-]{subsection.3.2.7}{Jet Flavor Tagging}{section.3.2}% 44
\BOOKMARK [2][-]{subsection.3.2.8}{Overlap Removal}{section.3.2}% 45
\BOOKMARK [1][-]{section.3.3}{Event Selection and Categorization}{chapter.3}% 46
\BOOKMARK [2][-]{subsection.3.3.1}{Pre-selection}{section.3.3}% 47
\BOOKMARK [2][-]{subsection.3.3.2}{Trigger}{section.3.3}% 48
\BOOKMARK [2][-]{subsection.3.3.3}{GGF/VBF RNN}{section.3.3}% 49
\BOOKMARK [2][-]{subsection.3.3.4}{Topological Cuts}{section.3.3}% 50
\BOOKMARK [1][-]{section.3.4}{Background Estimate}{chapter.3}% 51
\BOOKMARK [2][-]{subsection.3.4.1}{Multijet Sample}{section.3.4}% 52
\BOOKMARK [1][-]{section.3.5}{Systematics}{chapter.3}% 53
\BOOKMARK [2][-]{subsection.3.5.1}{Experimental Systematics}{section.3.5}% 54
\BOOKMARK [2][-]{subsection.3.5.2}{Theory Systematics}{section.3.5}% 55
\BOOKMARK [1][-]{section.3.6}{Statistical Analysis}{chapter.3}% 56
\BOOKMARK [1][-]{section.3.7}{Fitted Systematics}{chapter.3}% 57
\BOOKMARK [1][-]{section.3.8}{Fit Results}{chapter.3}% 58
\BOOKMARK [1][-]{section.3.9}{Results}{chapter.3}% 59
\BOOKMARK [2][-]{subsection.3.9.1}{Quark/Gluon Tagging}{section.3.9}% 60
\BOOKMARK [0][-]{chapter.4}{Quark and Gluon Tagging}{}% 61
\BOOKMARK [1][-]{section.4.1}{Prospects}{chapter.4}% 62
\BOOKMARK [1][-]{section.4.2}{ntrk Calibration}{chapter.4}% 63
\BOOKMARK [1][-]{section.4.3}{Application}{chapter.4}% 64
\BOOKMARK [0][-]{chapter.5}{Conclusion}{}% 65
\BOOKMARK [1][-]{section.5.1}{Conclusions}{chapter.5}% 66
\BOOKMARK [0][-]{chapter*.99}{Bibliography}{}% 67
